c:\projects\2d game programming\ooj 2d game project\ooj-2d-game\ooj 2d game\ooj 2d game\debug\vc142.pdb
c:\projects\2d game programming\ooj 2d game project\ooj-2d-game\ooj 2d game\ooj 2d game\debug\vc142.idb
c:\projects\2d game programming\ooj 2d game project\ooj-2d-game\ooj 2d game\ooj 2d game\debug\tiles.obj
c:\projects\2d game programming\ooj 2d game project\ooj-2d-game\ooj 2d game\ooj 2d game\debug\scene.obj
c:\projects\2d game programming\ooj 2d game project\ooj-2d-game\ooj 2d game\ooj 2d game\debug\physicssystem.obj
c:\projects\2d game programming\ooj 2d game project\ooj-2d-game\ooj 2d game\ooj 2d game\debug\main.obj
c:\projects\2d game programming\ooj 2d game project\ooj-2d-game\ooj 2d game\ooj 2d game\debug\game.obj
c:\projects\2d game programming\ooj 2d game project\ooj-2d-game\ooj 2d game\ooj 2d game\debug\enemies.obj
c:\projects\2d game programming\ooj 2d game project\ooj-2d-game\ooj 2d game\ooj 2d game\debug\collisions.obj
c:\projects\2d game programming\ooj 2d game project\ooj-2d-game\ooj 2d game\ooj 2d game\debug\character.obj
c:\projects\2d game programming\ooj 2d game project\ooj-2d-game\ooj 2d game\ooj 2d game\debug\camera.obj
c:\projects\2d game programming\ooj 2d game project\ooj-2d-game\ooj 2d game\ooj 2d game\debug\ui.obj
c:\projects\2d game programming\ooj 2d game project\ooj-2d-game\ooj 2d game\ooj 2d game\debug\gamestate.obj
c:\projects\2d game programming\ooj 2d game project\ooj-2d-game\ooj 2d game\debug\ooj 2d game.exe
c:\projects\2d game programming\ooj 2d game project\ooj-2d-game\ooj 2d game\ooj 2d game\debug\ooj 2d game.ilk
c:\projects\2d game programming\ooj 2d game project\ooj-2d-game\ooj 2d game\debug\ooj 2d game.pdb
c:\projects\2d game programming\ooj 2d game project\ooj-2d-game\ooj 2d game\ooj 2d game\debug\physics.obj
c:\projects\2d game programming\ooj 2d game project\ooj-2d-game\ooj 2d game\ooj 2d game\debug\ooj 2d game.tlog\cl.command.1.tlog
c:\projects\2d game programming\ooj 2d game project\ooj-2d-game\ooj 2d game\ooj 2d game\debug\ooj 2d game.tlog\cl.read.1.tlog
c:\projects\2d game programming\ooj 2d game project\ooj-2d-game\ooj 2d game\ooj 2d game\debug\ooj 2d game.tlog\cl.write.1.tlog
c:\projects\2d game programming\ooj 2d game project\ooj-2d-game\ooj 2d game\ooj 2d game\debug\ooj 2d game.tlog\link.command.1.tlog
c:\projects\2d game programming\ooj 2d game project\ooj-2d-game\ooj 2d game\ooj 2d game\debug\ooj 2d game.tlog\link.read.1.tlog
c:\projects\2d game programming\ooj 2d game project\ooj-2d-game\ooj 2d game\ooj 2d game\debug\ooj 2d game.tlog\link.write.1.tlog
